<?xml version="1.0" encoding="UTF-8"?>
<!-- Generated by org.testng.reporters.JUnitReportReporter -->
<testsuite hostname="Users-MacBook-Pro-6.local" failures="0" tests="1" name="groupProfile.Login" time="38.004" errors="0" timestamp="08 Aug 2018 09:41:51 GMT" skipped="0">
  <testcase classname="groupProfile.Login" name="GroupProfile_Login" time="38.004"/>
</testsuite> <!-- groupProfile.Login -->
